e:\github\filemanager_os\filesys\debug\vc140.pdb
e:\github\filemanager_os\filesys\debug\vc140.idb
e:\github\filemanager_os\filesys\debug\block.obj
e:\github\filemanager_os\filesys\debug\dir.obj
e:\github\filemanager_os\filesys\debug\file.obj
e:\github\filemanager_os\filesys\debug\fs.obj
e:\github\filemanager_os\filesys\debug\inode.obj
e:\github\filemanager_os\filesys\debug\login.obj
e:\github\filemanager_os\filesys\debug\main.obj
e:\github\filemanager_os\filesys\debug\path.obj
e:\github\filemanager_os\filesys\debug\zip.obj
e:\github\filemanager_os\filesys\debug\test.obj
e:\github\filemanager_os\debug\filesys.ilk
e:\github\filemanager_os\debug\filesys.exe
e:\github\filemanager_os\debug\filesys.pdb
e:\github\filemanager_os\filesys\debug\filesys.tlog\cl.command.1.tlog
e:\github\filemanager_os\filesys\debug\filesys.tlog\cl.read.1.tlog
e:\github\filemanager_os\filesys\debug\filesys.tlog\cl.write.1.tlog
e:\github\filemanager_os\filesys\debug\filesys.tlog\link.command.1.tlog
e:\github\filemanager_os\filesys\debug\filesys.tlog\link.read.1.tlog
e:\github\filemanager_os\filesys\debug\filesys.tlog\link.write.1.tlog
